c:\users\dimitri.000\desktop\uf\summer 2021\cop 3530\cop3530project3\project3\project3\debug\project3.pch
c:\users\dimitri.000\desktop\uf\summer 2021\cop 3530\cop3530project3\project3\project3\debug\vc142.pdb
c:\users\dimitri.000\desktop\uf\summer 2021\cop 3530\cop3530project3\project3\project3\debug\pch.obj
c:\users\dimitri.000\desktop\uf\summer 2021\cop 3530\cop3530project3\project3\project3\debug\main.obj
c:\users\dimitri.000\desktop\uf\summer 2021\cop 3530\cop3530project3\project3\project3\debug\form1.obj
c:\users\dimitri.000\desktop\uf\summer 2021\cop 3530\cop3530project3\project3\project3\debug\cppclr_winformsprojekt.obj
c:\users\dimitri.000\desktop\uf\summer 2021\cop 3530\cop3530project3\project3\project3\debug\assemblyinfo.obj
c:\users\dimitri.000\desktop\uf\summer 2021\cop 3530\cop3530project3\project3\project3\debug\.netframework,version=v4.7.2.assemblyattributes.obj
c:\users\dimitri.000\desktop\uf\summer 2021\cop 3530\cop3530project3\project3\project3\debug\project3.form1.resources
c:\users\dimitri.000\desktop\uf\summer 2021\cop 3530\cop3530project3\project3\project3\debug\app.res
c:\users\dimitri.000\desktop\uf\summer 2021\cop 3530\cop3530project3\project3\project3\debug\project3.vcxproj.generateresource.cache
c:\users\dimitri.000\desktop\uf\summer 2021\cop 3530\cop3530project3\project3\debug\project3.pdb
c:\users\dimitri.000\desktop\uf\summer 2021\cop 3530\cop3530project3\project3\project3\debug\project3.tlog\cl.command.1.tlog
c:\users\dimitri.000\desktop\uf\summer 2021\cop 3530\cop3530project3\project3\project3\debug\project3.tlog\cl.read.1.tlog
c:\users\dimitri.000\desktop\uf\summer 2021\cop 3530\cop3530project3\project3\project3\debug\project3.tlog\cl.write.1.tlog
c:\users\dimitri.000\desktop\uf\summer 2021\cop 3530\cop3530project3\project3\project3\debug\project3.tlog\link.18172-cvtres.read.1.tlog
c:\users\dimitri.000\desktop\uf\summer 2021\cop 3530\cop3530project3\project3\project3\debug\project3.tlog\link.18172-cvtres.write.1.tlog
c:\users\dimitri.000\desktop\uf\summer 2021\cop 3530\cop3530project3\project3\project3\debug\project3.tlog\link.18172-rc.read.1.tlog
c:\users\dimitri.000\desktop\uf\summer 2021\cop 3530\cop3530project3\project3\project3\debug\project3.tlog\link.18172-rc.write.1.tlog
c:\users\dimitri.000\desktop\uf\summer 2021\cop 3530\cop3530project3\project3\project3\debug\project3.tlog\link.18172.read.1.tlog
c:\users\dimitri.000\desktop\uf\summer 2021\cop 3530\cop3530project3\project3\project3\debug\project3.tlog\link.18172.write.1.tlog
c:\users\dimitri.000\desktop\uf\summer 2021\cop 3530\cop3530project3\project3\project3\debug\project3.tlog\link.19816-cvtres.read.1.tlog
c:\users\dimitri.000\desktop\uf\summer 2021\cop 3530\cop3530project3\project3\project3\debug\project3.tlog\link.19816-cvtres.write.1.tlog
c:\users\dimitri.000\desktop\uf\summer 2021\cop 3530\cop3530project3\project3\project3\debug\project3.tlog\link.19816-rc.read.1.tlog
c:\users\dimitri.000\desktop\uf\summer 2021\cop 3530\cop3530project3\project3\project3\debug\project3.tlog\link.19816-rc.write.1.tlog
c:\users\dimitri.000\desktop\uf\summer 2021\cop 3530\cop3530project3\project3\project3\debug\project3.tlog\link.19816.read.1.tlog
c:\users\dimitri.000\desktop\uf\summer 2021\cop 3530\cop3530project3\project3\project3\debug\project3.tlog\link.19816.write.1.tlog
c:\users\dimitri.000\desktop\uf\summer 2021\cop 3530\cop3530project3\project3\project3\debug\project3.tlog\link.26776-cvtres.read.1.tlog
c:\users\dimitri.000\desktop\uf\summer 2021\cop 3530\cop3530project3\project3\project3\debug\project3.tlog\link.26776-cvtres.write.1.tlog
c:\users\dimitri.000\desktop\uf\summer 2021\cop 3530\cop3530project3\project3\project3\debug\project3.tlog\link.26776-rc.read.1.tlog
c:\users\dimitri.000\desktop\uf\summer 2021\cop 3530\cop3530project3\project3\project3\debug\project3.tlog\link.26776-rc.write.1.tlog
c:\users\dimitri.000\desktop\uf\summer 2021\cop 3530\cop3530project3\project3\project3\debug\project3.tlog\link.26776.read.1.tlog
c:\users\dimitri.000\desktop\uf\summer 2021\cop 3530\cop3530project3\project3\project3\debug\project3.tlog\link.26776.write.1.tlog
c:\users\dimitri.000\desktop\uf\summer 2021\cop 3530\cop3530project3\project3\project3\debug\project3.tlog\link.command.1.tlog
c:\users\dimitri.000\desktop\uf\summer 2021\cop 3530\cop3530project3\project3\project3\debug\project3.tlog\link.read.1.tlog
c:\users\dimitri.000\desktop\uf\summer 2021\cop 3530\cop3530project3\project3\project3\debug\project3.tlog\link.write.1.tlog
c:\users\dimitri.000\desktop\uf\summer 2021\cop 3530\cop3530project3\project3\project3\debug\project3.tlog\metagen.read.1.tlog
c:\users\dimitri.000\desktop\uf\summer 2021\cop 3530\cop3530project3\project3\project3\debug\project3.tlog\metagen.write.1.tlog
c:\users\dimitri.000\desktop\uf\summer 2021\cop 3530\cop3530project3\project3\project3\debug\project3.tlog\project3.write.1u.tlog
c:\users\dimitri.000\desktop\uf\summer 2021\cop 3530\cop3530project3\project3\project3\debug\project3.tlog\rc.command.1.tlog
c:\users\dimitri.000\desktop\uf\summer 2021\cop 3530\cop3530project3\project3\project3\debug\project3.tlog\rc.read.1.tlog
c:\users\dimitri.000\desktop\uf\summer 2021\cop 3530\cop3530project3\project3\project3\debug\project3.tlog\rc.write.1.tlog
